mode: set
github.com/updu/updu/internal/auth/auth.go:34.52,36.2 1 1
github.com/updu/updu/internal/auth/auth.go:39.52,42.2 2 1
github.com/updu/updu/internal/auth/auth.go:45.48,47.2 1 1
github.com/updu/updu/internal/auth/auth.go:50.110,52.16 2 1
github.com/updu/updu/internal/auth/auth.go:52.16,54.3 1 0
github.com/updu/updu/internal/auth/auth.go:55.2,55.17 1 1
github.com/updu/updu/internal/auth/auth.go:55.17,57.3 1 0
github.com/updu/updu/internal/auth/auth.go:58.2,58.45 1 1
github.com/updu/updu/internal/auth/auth.go:58.45,60.3 1 1
github.com/updu/updu/internal/auth/auth.go:62.2,62.53 1 1
github.com/updu/updu/internal/auth/auth.go:66.68,68.2 1 1
github.com/updu/updu/internal/auth/auth.go:71.59,73.16 2 0
github.com/updu/updu/internal/auth/auth.go:73.16,75.3 1 0
github.com/updu/updu/internal/auth/auth.go:76.2,76.15 1 0
github.com/updu/updu/internal/auth/auth.go:76.15,78.3 1 0
github.com/updu/updu/internal/auth/auth.go:80.2,81.12 2 0
github.com/updu/updu/internal/auth/auth.go:85.95,87.16 2 1
github.com/updu/updu/internal/auth/auth.go:87.16,89.3 1 0
github.com/updu/updu/internal/auth/auth.go:91.2,92.16 2 1
github.com/updu/updu/internal/auth/auth.go:92.16,94.3 1 0
github.com/updu/updu/internal/auth/auth.go:96.2,97.16 2 1
github.com/updu/updu/internal/auth/auth.go:97.16,100.3 2 1
github.com/updu/updu/internal/auth/auth.go:102.2,103.16 2 1
github.com/updu/updu/internal/auth/auth.go:103.16,105.3 1 0
github.com/updu/updu/internal/auth/auth.go:107.2,115.51 2 1
github.com/updu/updu/internal/auth/auth.go:115.51,117.3 1 0
github.com/updu/updu/internal/auth/auth.go:118.2,118.18 1 1
github.com/updu/updu/internal/auth/auth.go:122.59,123.71 1 1
github.com/updu/updu/internal/auth/auth.go:123.71,125.17 2 1
github.com/updu/updu/internal/auth/auth.go:125.17,128.4 2 0
github.com/updu/updu/internal/auth/auth.go:130.3,131.35 2 1
github.com/updu/updu/internal/auth/auth.go:131.35,134.4 2 1
github.com/updu/updu/internal/auth/auth.go:136.3,137.32 2 1
github.com/updu/updu/internal/auth/auth.go:137.32,140.4 2 0
github.com/updu/updu/internal/auth/auth.go:142.3,143.40 2 1
github.com/updu/updu/internal/auth/auth.go:148.54,149.71 1 0
github.com/updu/updu/internal/auth/auth.go:149.71,151.51 2 0
github.com/updu/updu/internal/auth/auth.go:151.51,154.4 2 0
github.com/updu/updu/internal/auth/auth.go:155.3,155.23 1 0
github.com/updu/updu/internal/auth/auth.go:160.56,163.2 2 1
github.com/updu/updu/internal/auth/auth.go:166.93,176.2 1 0
github.com/updu/updu/internal/auth/auth.go:179.48,187.2 1 0
github.com/updu/updu/internal/auth/auth.go:189.106,191.16 2 1
github.com/updu/updu/internal/auth/auth.go:191.16,193.3 1 0
github.com/updu/updu/internal/auth/auth.go:195.2,204.57 2 1
github.com/updu/updu/internal/auth/auth.go:204.57,206.3 1 0
github.com/updu/updu/internal/auth/auth.go:207.2,207.21 1 1
github.com/updu/updu/internal/auth/auth.go:211.35,213.40 2 1
github.com/updu/updu/internal/auth/auth.go:213.40,215.3 1 0
github.com/updu/updu/internal/auth/auth.go:216.2,216.35 1 1
