mode: set
github.com/updu/updu/internal/notifier/channels/discord.go:20.42,26.2 1 1
github.com/updu/updu/internal/notifier/channels/discord.go:28.40,30.2 1 0
github.com/updu/updu/internal/notifier/channels/discord.go:32.134,34.22 2 1
github.com/updu/updu/internal/notifier/channels/discord.go:34.22,36.3 1 1
github.com/updu/updu/internal/notifier/channels/discord.go:38.2,39.38 2 1
github.com/updu/updu/internal/notifier/channels/discord.go:39.38,41.3 1 0
github.com/updu/updu/internal/notifier/channels/discord.go:43.2,72.16 3 1
github.com/updu/updu/internal/notifier/channels/discord.go:72.16,74.3 1 0
github.com/updu/updu/internal/notifier/channels/discord.go:76.2,77.16 2 1
github.com/updu/updu/internal/notifier/channels/discord.go:77.16,79.3 1 0
github.com/updu/updu/internal/notifier/channels/discord.go:81.2,84.16 3 1
github.com/updu/updu/internal/notifier/channels/discord.go:84.16,86.3 1 0
github.com/updu/updu/internal/notifier/channels/discord.go:87.2,89.53 2 1
github.com/updu/updu/internal/notifier/channels/discord.go:89.53,91.3 1 1
github.com/updu/updu/internal/notifier/channels/discord.go:93.2,93.12 1 1
github.com/updu/updu/internal/notifier/channels/email.go:16.38,18.2 1 0
github.com/updu/updu/internal/notifier/channels/email.go:20.38,22.2 1 0
github.com/updu/updu/internal/notifier/channels/email.go:24.132,33.29 8 0
github.com/updu/updu/internal/notifier/channels/email.go:34.15,35.11 1 0
github.com/updu/updu/internal/notifier/channels/email.go:36.11,37.20 1 0
github.com/updu/updu/internal/notifier/channels/email.go:40.2,40.55 1 0
github.com/updu/updu/internal/notifier/channels/email.go:40.55,42.3 1 0
github.com/updu/updu/internal/notifier/channels/email.go:44.2,45.29 2 0
github.com/updu/updu/internal/notifier/channels/email.go:45.29,47.3 1 0
github.com/updu/updu/internal/notifier/channels/email.go:49.2,58.16 7 0
github.com/updu/updu/internal/notifier/channels/email.go:58.16,60.3 1 0
github.com/updu/updu/internal/notifier/channels/email.go:62.2,65.16 3 0
github.com/updu/updu/internal/notifier/channels/email.go:65.16,67.3 1 0
github.com/updu/updu/internal/notifier/channels/email.go:69.2,69.12 1 0
github.com/updu/updu/internal/notifier/channels/slack.go:20.38,26.2 1 1
github.com/updu/updu/internal/notifier/channels/slack.go:28.38,30.2 1 0
github.com/updu/updu/internal/notifier/channels/slack.go:32.132,34.22 2 1
github.com/updu/updu/internal/notifier/channels/slack.go:34.22,36.3 1 1
github.com/updu/updu/internal/notifier/channels/slack.go:38.2,39.38 2 1
github.com/updu/updu/internal/notifier/channels/slack.go:39.38,41.3 1 1
github.com/updu/updu/internal/notifier/channels/slack.go:43.2,44.29 2 1
github.com/updu/updu/internal/notifier/channels/slack.go:44.29,46.3 1 1
github.com/updu/updu/internal/notifier/channels/slack.go:48.2,65.16 3 1
github.com/updu/updu/internal/notifier/channels/slack.go:65.16,67.3 1 0
github.com/updu/updu/internal/notifier/channels/slack.go:69.2,70.16 2 1
github.com/updu/updu/internal/notifier/channels/slack.go:70.16,72.3 1 0
github.com/updu/updu/internal/notifier/channels/slack.go:74.2,77.16 3 1
github.com/updu/updu/internal/notifier/channels/slack.go:77.16,79.3 1 0
github.com/updu/updu/internal/notifier/channels/slack.go:80.2,82.53 2 1
github.com/updu/updu/internal/notifier/channels/slack.go:82.53,84.3 1 1
github.com/updu/updu/internal/notifier/channels/slack.go:86.2,86.12 1 1
github.com/updu/updu/internal/notifier/channels/webhook.go:20.42,26.2 1 1
github.com/updu/updu/internal/notifier/channels/webhook.go:28.40,30.2 1 0
github.com/updu/updu/internal/notifier/channels/webhook.go:32.134,34.22 2 1
github.com/updu/updu/internal/notifier/channels/webhook.go:34.22,36.3 1 1
github.com/updu/updu/internal/notifier/channels/webhook.go:38.2,39.18 2 1
github.com/updu/updu/internal/notifier/channels/webhook.go:39.18,41.3 1 1
github.com/updu/updu/internal/notifier/channels/webhook.go:43.2,53.16 3 1
github.com/updu/updu/internal/notifier/channels/webhook.go:53.16,55.3 1 0
github.com/updu/updu/internal/notifier/channels/webhook.go:57.2,58.16 2 1
github.com/updu/updu/internal/notifier/channels/webhook.go:58.16,60.3 1 0
github.com/updu/updu/internal/notifier/channels/webhook.go:62.2,66.59 3 1
github.com/updu/updu/internal/notifier/channels/webhook.go:66.59,67.29 1 1
github.com/updu/updu/internal/notifier/channels/webhook.go:67.29,68.31 1 1
github.com/updu/updu/internal/notifier/channels/webhook.go:68.31,70.5 1 1
github.com/updu/updu/internal/notifier/channels/webhook.go:74.2,75.16 2 1
github.com/updu/updu/internal/notifier/channels/webhook.go:75.16,77.3 1 0
github.com/updu/updu/internal/notifier/channels/webhook.go:78.2,80.53 2 1
github.com/updu/updu/internal/notifier/channels/webhook.go:80.53,82.3 1 1
github.com/updu/updu/internal/notifier/channels/webhook.go:84.2,84.12 1 1
